# JRE version: OpenJDK Runtime Environment (22.0.1+8) (build 22.0.1+8-16)
# Java VM: OpenJDK 64-Bit Server VM (22.0.1+8-16, mixed mode, sharing, tiered, compressed oops, compressed class ptrs, g1 gc, windows-amd64)
GC Precious Log:
 CardTable entry size: 512
 Card Set container configuration: InlinePtr #cards 4 size 8 Array Of Cards #cards 32 size 80 Howl #buckets 8 coarsen threshold 7372 Howl Bitmap #cards 1024 size 144 coarsen threshold 921 Card regions per heap region 1 cards per card region 8192
 CPUs: 8 total, 8 available
 Memory: 3531M
 Large Page Support: Disabled
 NUMA Support: Disabled
 Compressed Oops: Enabled (Zero based)
 Heap Region Size: 4M
 Heap Min Capacity: 8M
 Heap Initial Capacity: 56M
 Heap Max Capacity: 8G
 Pre-touch: Disabled
 Parallel Workers: 8
 Concurrent Workers: 2
 Concurrent Refinement Workers: 8
 Periodic GC: Disabled
Heap:
 garbage-first heap   total reserved 8388608K, committed 1384448K, used 419964K [0x0000000600000000, 0x0000000800000000)
  region size 4096K, 3 young (12288K), 3 survivors (12288K)
 Metaspace       used 177312K, committed 180416K, reserved 1245184K
  class space    used 24489K, committed 25920K, reserved 1048576K
GC Heap History (20 events):
Event: 6242.153 GC heap after
{Heap after GC invocations=95 (full 0):
 garbage-first heap   total reserved 8388608K, committed 1052672K, used 359480K [0x0000000600000000, 0x0000000800000000)
  region size 4096K, 2 young (8192K), 2 survivors (8192K)
 Metaspace       used 152439K, committed 155584K, reserved 1245184K
  class space    used 20686K, committed 22144K, reserved 1048576K
}
Event: 6260.243 GC heap before
{Heap before GC invocations=96 (full 0):
 garbage-first heap   total reserved 8388608K, committed 1052672K, used 474168K [0x0000000600000000, 0x0000000800000000)
  region size 4096K, 31 young (126976K), 2 survivors (8192K)
 Metaspace       used 155994K, committed 159040K, reserved 1245184K
  class space    used 21113K, committed 22528K, reserved 1048576K
}
Event: 6260.680 GC heap after
{Heap after GC invocations=97 (full 0):
 garbage-first heap   total reserved 8388608K, committed 1052672K, used 364459K [0x0000000600000000, 0x0000000800000000)
  region size 4096K, 4 young (16384K), 4 survivors (16384K)
 Metaspace       used 155994K, committed 159040K, reserved 1245184K
  class space    used 21113K, committed 22528K, reserved 1048576K
}
Event: 6264.545 GC heap before
{Heap before GC invocations=97 (full 0):
 garbage-first heap   total reserved 8388608K, committed 1052672K, used 401323K [0x0000000600000000, 0x0000000800000000)
  region size 4096K, 13 young (53248K), 4 survivors (16384K)
 Metaspace       used 156093K, committed 159168K, reserved 1245184K
  class space    used 21135K, committed 22528K, reserved 1048576K
}
Event: 6264.661 GC heap after
{Heap after GC invocations=98 (full 0):
 garbage-first heap   total reserved 8388608K, committed 1052672K, used 364244K [0x0000000600000000, 0x0000000800000000)
  region size 4096K, 2 young (8192K), 2 survivors (8192K)
 Metaspace       used 156093K, committed 159168K, reserved 1245184K
  class space    used 21135K, committed 22528K, reserved 1048576K
}
Event: 6278.533 GC heap before
{Heap before GC invocations=98 (full 0):
 garbage-first heap   total reserved 8388608K, committed 1052672K, used 462548K [0x0000000600000000, 0x0000000800000000)
  region size 4096K, 27 young (110592K), 2 survivors (8192K)
 Metaspace       used 164341K, committed 167424K, reserved 1245184K
  class space    used 22427K, committed 23872K, reserved 1048576K
}
Event: 6278.586 GC heap after
{Heap after GC invocations=99 (full 0):
 garbage-first heap   total reserved 8388608K, committed 1052672K, used 365605K [0x0000000600000000, 0x0000000800000000)
  region size 4096K, 4 young (16384K), 4 survivors (16384K)
 Metaspace       used 164341K, committed 167424K, reserved 1245184K
  class space    used 22427K, committed 23872K, reserved 1048576K
}
Event: 6279.927 GC heap before
{Heap before GC invocations=99 (full 0):
 garbage-first heap   total reserved 8388608K, committed 1052672K, used 443429K [0x0000000600000000, 0x0000000800000000)
  region size 4096K, 24 young (98304K), 4 survivors (16384K)
 Metaspace       used 167847K, committed 170944K, reserved 1245184K
  class space    used 23090K, committed 24512K, reserved 1048576K
}
Event: 6280.015 GC heap after
{Heap after GC invocations=100 (full 0):
 garbage-first heap   total reserved 8388608K, committed 1052672K, used 372459K [0x0000000600000000, 0x0000000800000000)
  region size 4096K, 3 young (12288K), 3 survivors (12288K)
 Metaspace       used 167847K, committed 170944K, reserved 1245184K
  class space    used 23090K, committed 24512K, reserved 1048576K
}
Event: 6281.873 GC heap before
{Heap before GC invocations=100 (full 0):
 garbage-first heap   total reserved 8388608K, committed 1052672K, used 483051K [0x0000000600000000, 0x0000000800000000)
  region size 4096K, 26 young (106496K), 3 survivors (12288K)
 Metaspace       used 173232K, committed 176320K, reserved 1245184K
  class space    used 23964K, committed 25408K, reserved 1048576K
}
Event: 6281.962 GC heap after
{Heap after GC invocations=101 (full 0):
 garbage-first heap   total reserved 8388608K, committed 1052672K, used 383938K [0x0000000600000000, 0x0000000800000000)
  region size 4096K, 3 young (12288K), 3 survivors (12288K)
 Metaspace       used 173232K, committed 176320K, reserved 1245184K
  class space    used 23964K, committed 25408K, reserved 1048576K
}
Event: 6283.824 GC heap before
{Heap before GC invocations=101 (full 0):
 garbage-first heap   total reserved 8388608K, committed 1052672K, used 515010K [0x0000000600000000, 0x0000000800000000)
  region size 4096K, 36 young (147456K), 3 survivors (12288K)
 Metaspace       used 175782K, committed 178880K, reserved 1245184K
  class space    used 24293K, committed 25728K, reserved 1048576K
}
Event: 6283.883 GC heap after
{Heap after GC invocations=102 (full 0):
 garbage-first heap   total reserved 8388608K, committed 1384448K, used 386353K [0x0000000600000000, 0x0000000800000000)
  region size 4096K, 4 young (16384K), 4 survivors (16384K)
 Metaspace       used 175782K, committed 178880K, reserved 1245184K
  class space    used 24293K, committed 25728K, reserved 1048576K
}
Event: 6285.083 GC heap before
{Heap before GC invocations=102 (full 0):
 garbage-first heap   total reserved 8388608K, committed 1384448K, used 537905K [0x0000000600000000, 0x0000000800000000)
  region size 4096K, 42 young (172032K), 4 survivors (16384K)
 Metaspace       used 177004K, committed 180096K, reserved 1245184K
  class space    used 24481K, committed 25920K, reserved 1048576K
}
Event: 6285.210 GC heap after
{Heap after GC invocations=103 (full 0):
 garbage-first heap   total reserved 8388608K, committed 1384448K, used 400733K [0x0000000600000000, 0x0000000800000000)
  region size 4096K, 6 young (24576K), 6 survivors (24576K)
 Metaspace       used 177004K, committed 180096K, reserved 1245184K
  class space    used 24481K, committed 25920K, reserved 1048576K
}
Event: 6285.541 GC heap before
{Heap before GC invocations=103 (full 0):
 garbage-first heap   total reserved 8388608K, committed 1384448K, used 437597K [0x0000000600000000, 0x0000000800000000)
  region size 4096K, 16 young (65536K), 6 survivors (24576K)
 Metaspace       used 177055K, committed 180160K, reserved 1245184K
  class space    used 24481K, committed 25920K, reserved 1048576K
}
Event: 6285.656 GC heap after
{Heap after GC invocations=104 (full 0):
 garbage-first heap   total reserved 8388608K, committed 1384448K, used 414977K [0x0000000600000000, 0x0000000800000000)
  region size 4096K, 2 young (8192K), 2 survivors (8192K)
 Metaspace       used 177055K, committed 180160K, reserved 1245184K
  class space    used 24481K, committed 25920K, reserved 1048576K
}
Event: 6286.380 GC heap before
{Heap before GC invocations=104 (full 0):
 garbage-first heap   total reserved 8388608K, committed 1384448K, used 472321K [0x0000000600000000, 0x0000000800000000)
  region size 4096K, 16 young (65536K), 2 survivors (8192K)
 Metaspace       used 177194K, committed 180288K, reserved 1245184K
  class space    used 24482K, committed 25920K, reserved 1048576K
}
Event: 6286.408 GC heap after
{Heap after GC invocations=105 (full 0):
 garbage-first heap   total reserved 8388608K, committed 1384448K, used 416170K [0x0000000600000000, 0x0000000800000000)
  region size 4096K, 2 young (8192K), 2 survivors (8192K)
 Metaspace       used 177194K, committed 180288K, reserved 1245184K
  class space    used 24482K, committed 25920K, reserved 1048576K
}
Event: 6287.287 GC heap before
{Heap before GC invocations=105 (full 0):
 garbage-first heap   total reserved 8388608K, committed 1384448K, used 510378K [0x0000000600000000, 0x0000000800000000)
  region size 4096K, 25 young (102400K), 2 survivors (8192K)
 Metaspace       used 177312K, committed 180416K, reserved 1245184K
  class space    used 24489K, committed 25920K, reserved 1048576K
}

