# JRE version: OpenJDK Runtime Environment (22.0.1+8) (build 22.0.1+8-16)
# Java VM: OpenJDK 64-Bit Server VM (22.0.1+8-16, mixed mode, sharing, tiered, compressed oops, compressed class ptrs, g1 gc, windows-amd64)
GC Precious Log:
 CardTable entry size: 512
 Card Set container configuration: InlinePtr #cards 4 size 8 Array Of Cards #cards 32 size 80 Howl #buckets 8 coarsen threshold 7372 Howl Bitmap #cards 1024 size 144 coarsen threshold 921 Card regions per heap region 1 cards per card region 8192
 CPUs: 8 total, 8 available
 Memory: 3531M
 Large Page Support: Disabled
 NUMA Support: Disabled
 Compressed Oops: Enabled (Zero based)
 Heap Region Size: 4M
 Heap Min Capacity: 8M
 Heap Initial Capacity: 56M
 Heap Max Capacity: 8G
 Pre-touch: Disabled
 Parallel Workers: 8
 Concurrent Workers: 2
 Concurrent Refinement Workers: 8
 Periodic GC: Disabled
Heap:
 garbage-first heap   total reserved 8388608K, committed 786432K, used 275661K [0x0000000600000000, 0x0000000800000000)
  region size 4096K, 2 young (8192K), 2 survivors (8192K)
 Metaspace       used 186036K, committed 189248K, reserved 1245184K
  class space    used 24646K, committed 26176K, reserved 1048576K
GC Heap History (20 events):
Event: 366.175 GC heap after
{Heap after GC invocations=89 (full 0):
 garbage-first heap   total reserved 8388608K, committed 565248K, used 276388K [0x0000000600000000, 0x0000000800000000)
  region size 4096K, 4 young (16384K), 4 survivors (16384K)
 Metaspace       used 174599K, committed 177664K, reserved 1245184K
  class space    used 23580K, committed 25024K, reserved 1048576K
}
Event: 367.857 GC heap before
{Heap before GC invocations=89 (full 0):
 garbage-first heap   total reserved 8388608K, committed 565248K, used 505764K [0x0000000600000000, 0x0000000800000000)
  region size 4096K, 61 young (249856K), 4 survivors (16384K)
 Metaspace       used 174652K, committed 177728K, reserved 1245184K
  class space    used 23582K, committed 25024K, reserved 1048576K
}
Event: 367.955 GC heap after
{Heap after GC invocations=90 (full 0):
 garbage-first heap   total reserved 8388608K, committed 565248K, used 273472K [0x0000000600000000, 0x0000000800000000)
  region size 4096K, 4 young (16384K), 4 survivors (16384K)
 Metaspace       used 174652K, committed 177728K, reserved 1245184K
  class space    used 23582K, committed 25024K, reserved 1048576K
}
Event: 382.026 GC heap before
{Heap before GC invocations=90 (full 0):
 garbage-first heap   total reserved 8388608K, committed 565248K, used 457792K [0x0000000600000000, 0x0000000800000000)
  region size 4096K, 50 young (204800K), 4 survivors (16384K)
 Metaspace       used 176631K, committed 179776K, reserved 1245184K
  class space    used 23731K, committed 25216K, reserved 1048576K
}
Event: 382.127 GC heap after
{Heap after GC invocations=91 (full 0):
 garbage-first heap   total reserved 8388608K, committed 565248K, used 268767K [0x0000000600000000, 0x0000000800000000)
  region size 4096K, 3 young (12288K), 3 survivors (12288K)
 Metaspace       used 176631K, committed 179776K, reserved 1245184K
  class space    used 23731K, committed 25216K, reserved 1048576K
}
Event: 434.079 GC heap before
{Heap before GC invocations=92 (full 0):
 garbage-first heap   total reserved 8388608K, committed 565248K, used 510431K [0x0000000600000000, 0x0000000800000000)
  region size 4096K, 63 young (258048K), 3 survivors (12288K)
 Metaspace       used 180743K, committed 183936K, reserved 1245184K
  class space    used 24036K, committed 25536K, reserved 1048576K
}
Event: 435.626 GC heap after
{Heap after GC invocations=93 (full 0):
 garbage-first heap   total reserved 8388608K, committed 565248K, used 273996K [0x0000000600000000, 0x0000000800000000)
  region size 4096K, 4 young (16384K), 4 survivors (16384K)
 Metaspace       used 180743K, committed 183936K, reserved 1245184K
  class space    used 24036K, committed 25536K, reserved 1048576K
}
Event: 440.179 GC heap before
{Heap before GC invocations=93 (full 0):
 garbage-first heap   total reserved 8388608K, committed 565248K, used 282188K [0x0000000600000000, 0x0000000800000000)
  region size 4096K, 6 young (24576K), 4 survivors (16384K)
 Metaspace       used 181025K, committed 184256K, reserved 1245184K
  class space    used 24078K, committed 25600K, reserved 1048576K
}
Event: 440.478 GC heap after
{Heap after GC invocations=94 (full 0):
 garbage-first heap   total reserved 8388608K, committed 565248K, used 277156K [0x0000000600000000, 0x0000000800000000)
  region size 4096K, 1 young (4096K), 1 survivors (4096K)
 Metaspace       used 181025K, committed 184256K, reserved 1245184K
  class space    used 24078K, committed 25600K, reserved 1048576K
}
Event: 442.704 GC heap before
{Heap before GC invocations=94 (full 0):
 garbage-first heap   total reserved 8388608K, committed 565248K, used 293540K [0x0000000600000000, 0x0000000800000000)
  region size 4096K, 6 young (24576K), 1 survivors (4096K)
 Metaspace       used 182614K, committed 185856K, reserved 1245184K
  class space    used 24250K, committed 25792K, reserved 1048576K
}
Event: 442.731 GC heap after
{Heap after GC invocations=95 (full 0):
 garbage-first heap   total reserved 8388608K, committed 565248K, used 273391K [0x0000000600000000, 0x0000000800000000)
  region size 4096K, 1 young (4096K), 1 survivors (4096K)
 Metaspace       used 182614K, committed 185856K, reserved 1245184K
  class space    used 24250K, committed 25792K, reserved 1048576K
}
Event: 449.852 GC heap before
{Heap before GC invocations=95 (full 0):
 garbage-first heap   total reserved 8388608K, committed 565248K, used 343023K [0x0000000600000000, 0x0000000800000000)
  region size 4096K, 19 young (77824K), 1 survivors (4096K)
 Metaspace       used 184791K, committed 187968K, reserved 1245184K
  class space    used 24507K, committed 26048K, reserved 1048576K
}
Event: 449.960 GC heap after
{Heap after GC invocations=96 (full 0):
 garbage-first heap   total reserved 8388608K, committed 786432K, used 273031K [0x0000000600000000, 0x0000000800000000)
  region size 4096K, 1 young (4096K), 1 survivors (4096K)
 Metaspace       used 184791K, committed 187968K, reserved 1245184K
  class space    used 24507K, committed 26048K, reserved 1048576K
}
Event: 450.205 GC heap before
{Heap before GC invocations=96 (full 0):
 garbage-first heap   total reserved 8388608K, committed 786432K, used 305799K [0x0000000600000000, 0x0000000800000000)
  region size 4096K, 9 young (36864K), 1 survivors (4096K)
 Metaspace       used 184791K, committed 187968K, reserved 1245184K
  class space    used 24507K, committed 26048K, reserved 1048576K
}
Event: 450.218 GC heap after
{Heap after GC invocations=97 (full 0):
 garbage-first heap   total reserved 8388608K, committed 786432K, used 273630K [0x0000000600000000, 0x0000000800000000)
  region size 4096K, 2 young (8192K), 2 survivors (8192K)
 Metaspace       used 184791K, committed 187968K, reserved 1245184K
  class space    used 24507K, committed 26048K, reserved 1048576K
}
Event: 450.372 GC heap before
{Heap before GC invocations=97 (full 0):
 garbage-first heap   total reserved 8388608K, committed 786432K, used 298206K [0x0000000600000000, 0x0000000800000000)
  region size 4096K, 9 young (36864K), 2 survivors (8192K)
 Metaspace       used 184791K, committed 187968K, reserved 1245184K
  class space    used 24507K, committed 26048K, reserved 1048576K
}
Event: 450.383 GC heap after
{Heap after GC invocations=98 (full 0):
 garbage-first heap   total reserved 8388608K, committed 786432K, used 274054K [0x0000000600000000, 0x0000000800000000)
  region size 4096K, 2 young (8192K), 2 survivors (8192K)
 Metaspace       used 184791K, committed 187968K, reserved 1245184K
  class space    used 24507K, committed 26048K, reserved 1048576K
}
Event: 450.570 GC heap before
{Heap before GC invocations=98 (full 0):
 garbage-first heap   total reserved 8388608K, committed 786432K, used 302726K [0x0000000600000000, 0x0000000800000000)
  region size 4096K, 9 young (36864K), 2 survivors (8192K)
 Metaspace       used 184794K, committed 187968K, reserved 1245184K
  class space    used 24507K, committed 26048K, reserved 1048576K
}
Event: 450.580 GC heap after
{Heap after GC invocations=99 (full 0):
 garbage-first heap   total reserved 8388608K, committed 786432K, used 274438K [0x0000000600000000, 0x0000000800000000)
  region size 4096K, 2 young (8192K), 2 survivors (8192K)
 Metaspace       used 184794K, committed 187968K, reserved 1245184K
  class space    used 24507K, committed 26048K, reserved 1048576K
}
Event: 477.298 GC heap before
{Heap before GC invocations=99 (full 0):
 garbage-first heap   total reserved 8388608K, committed 786432K, used 491526K [0x0000000600000000, 0x0000000800000000)
  region size 4096K, 30 young (122880K), 2 survivors (8192K)
 Metaspace       used 186036K, committed 189248K, reserved 1245184K
  class space    used 24646K, committed 26176K, reserved 1048576K
}

