# JRE version: OpenJDK Runtime Environment (22.0.1+8) (build 22.0.1+8-16)
# Java VM: OpenJDK 64-Bit Server VM (22.0.1+8-16, mixed mode, sharing, tiered, compressed oops, compressed class ptrs, g1 gc, windows-amd64)
GC Precious Log:
 CardTable entry size: 512
 Card Set container configuration: InlinePtr #cards 4 size 8 Array Of Cards #cards 32 size 80 Howl #buckets 8 coarsen threshold 7372 Howl Bitmap #cards 1024 size 144 coarsen threshold 921 Card regions per heap region 1 cards per card region 8192
 CPUs: 8 total, 8 available
 Memory: 3531M
 Large Page Support: Disabled
 NUMA Support: Disabled
 Compressed Oops: Enabled (Zero based)
 Heap Region Size: 4M
 Heap Min Capacity: 8M
 Heap Initial Capacity: 56M
 Heap Max Capacity: 8G
 Pre-touch: Disabled
 Parallel Workers: 8
 Concurrent Workers: 2
 Concurrent Refinement Workers: 8
 Periodic GC: Disabled
Heap:
 garbage-first heap   total reserved 8388608K, committed 1081344K, used 456325K [0x0000000600000000, 0x0000000800000000)
  region size 4096K, 3 young (12288K), 3 survivors (12288K)
 Metaspace       used 173679K, committed 176640K, reserved 1245184K
  class space    used 24022K, committed 25408K, reserved 1048576K
GC Heap History (20 events):
Event: 523.970 GC heap after
{Heap after GC invocations=118 (full 0):
 garbage-first heap   total reserved 8388608K, committed 901120K, used 338971K [0x0000000600000000, 0x0000000800000000)
  region size 4096K, 6 young (24576K), 6 survivors (24576K)
 Metaspace       used 150684K, committed 153600K, reserved 1245184K
  class space    used 20585K, committed 21952K, reserved 1048576K
}
Event: 539.985 GC heap before
{Heap before GC invocations=118 (full 0):
 garbage-first heap   total reserved 8388608K, committed 901120K, used 359451K [0x0000000600000000, 0x0000000800000000)
  region size 4096K, 11 young (45056K), 6 survivors (24576K)
 Metaspace       used 151726K, committed 154624K, reserved 1245184K
  class space    used 20719K, committed 22080K, reserved 1048576K
}
Event: 540.080 GC heap after
{Heap after GC invocations=119 (full 0):
 garbage-first heap   total reserved 8388608K, committed 901120K, used 332265K [0x0000000600000000, 0x0000000800000000)
  region size 4096K, 1 young (4096K), 1 survivors (4096K)
 Metaspace       used 151726K, committed 154624K, reserved 1245184K
  class space    used 20719K, committed 22080K, reserved 1048576K
}
Event: 550.429 GC heap before
{Heap before GC invocations=120 (full 0):
 garbage-first heap   total reserved 8388608K, committed 901120K, used 471529K [0x0000000600000000, 0x0000000800000000)
  region size 4096K, 36 young (147456K), 1 survivors (4096K)
 Metaspace       used 155206K, committed 158144K, reserved 1245184K
  class space    used 21199K, committed 22592K, reserved 1048576K
}
Event: 550.527 GC heap after
{Heap after GC invocations=121 (full 0):
 garbage-first heap   total reserved 8388608K, committed 901120K, used 340078K [0x0000000600000000, 0x0000000800000000)
  region size 4096K, 3 young (12288K), 3 survivors (12288K)
 Metaspace       used 155206K, committed 158144K, reserved 1245184K
  class space    used 21199K, committed 22592K, reserved 1048576K
}
Event: 559.618 GC heap before
{Heap before GC invocations=121 (full 0):
 garbage-first heap   total reserved 8388608K, committed 901120K, used 761966K [0x0000000600000000, 0x0000000800000000)
  region size 4096K, 102 young (417792K), 3 survivors (12288K)
 Metaspace       used 167324K, committed 170240K, reserved 1245184K
  class space    used 23025K, committed 24384K, reserved 1048576K
}
Event: 559.958 GC heap after
{Heap after GC invocations=122 (full 0):
 garbage-first heap   total reserved 8388608K, committed 901120K, used 391980K [0x0000000600000000, 0x0000000800000000)
  region size 4096K, 13 young (53248K), 13 survivors (53248K)
 Metaspace       used 167324K, committed 170240K, reserved 1245184K
  class space    used 23025K, committed 24384K, reserved 1048576K
}
Event: 559.984 GC heap before
{Heap before GC invocations=122 (full 0):
 garbage-first heap   total reserved 8388608K, committed 901120K, used 396076K [0x0000000600000000, 0x0000000800000000)
  region size 4096K, 14 young (57344K), 13 survivors (53248K)
 Metaspace       used 167327K, committed 170240K, reserved 1245184K
  class space    used 23026K, committed 24384K, reserved 1048576K
}
Event: 560.327 GC heap after
{Heap after GC invocations=123 (full 0):
 garbage-first heap   total reserved 8388608K, committed 901120K, used 396164K [0x0000000600000000, 0x0000000800000000)
  region size 4096K, 2 young (8192K), 2 survivors (8192K)
 Metaspace       used 167327K, committed 170240K, reserved 1245184K
  class space    used 23026K, committed 24384K, reserved 1048576K
}
Event: 562.678 GC heap before
{Heap before GC invocations=123 (full 0):
 garbage-first heap   total reserved 8388608K, committed 901120K, used 580484K [0x0000000600000000, 0x0000000800000000)
  region size 4096K, 48 young (196608K), 2 survivors (8192K)
 Metaspace       used 168647K, committed 171584K, reserved 1245184K
  class space    used 23195K, committed 24576K, reserved 1048576K
}
Event: 562.770 GC heap after
{Heap after GC invocations=124 (full 0):
 garbage-first heap   total reserved 8388608K, committed 1081344K, used 404115K [0x0000000600000000, 0x0000000800000000)
  region size 4096K, 3 young (12288K), 3 survivors (12288K)
 Metaspace       used 168647K, committed 171584K, reserved 1245184K
  class space    used 23195K, committed 24576K, reserved 1048576K
}
Event: 566.543 GC heap before
{Heap before GC invocations=124 (full 0):
 garbage-first heap   total reserved 8388608K, committed 1081344K, used 580243K [0x0000000600000000, 0x0000000800000000)
  region size 4096K, 46 young (188416K), 3 survivors (12288K)
 Metaspace       used 171883K, committed 174848K, reserved 1245184K
  class space    used 23706K, committed 25088K, reserved 1048576K
}
Event: 566.599 GC heap after
{Heap after GC invocations=125 (full 0):
 garbage-first heap   total reserved 8388608K, committed 1081344K, used 408527K [0x0000000600000000, 0x0000000800000000)
  region size 4096K, 4 young (16384K), 4 survivors (16384K)
 Metaspace       used 171883K, committed 174848K, reserved 1245184K
  class space    used 23706K, committed 25088K, reserved 1048576K
}
Event: 569.003 GC heap before
{Heap before GC invocations=125 (full 0):
 garbage-first heap   total reserved 8388608K, committed 1081344K, used 601039K [0x0000000600000000, 0x0000000800000000)
  region size 4096K, 51 young (208896K), 4 survivors (16384K)
 Metaspace       used 173521K, committed 176512K, reserved 1245184K
  class space    used 24000K, committed 25408K, reserved 1048576K
}
Event: 569.301 GC heap after
{Heap after GC invocations=126 (full 0):
 garbage-first heap   total reserved 8388608K, committed 1081344K, used 422409K [0x0000000600000000, 0x0000000800000000)
  region size 4096K, 5 young (20480K), 5 survivors (20480K)
 Metaspace       used 173521K, committed 176512K, reserved 1245184K
  class space    used 24000K, committed 25408K, reserved 1048576K
}
Event: 569.655 GC heap before
{Heap before GC invocations=126 (full 0):
 garbage-first heap   total reserved 8388608K, committed 1081344K, used 475657K [0x0000000600000000, 0x0000000800000000)
  region size 4096K, 19 young (77824K), 5 survivors (20480K)
 Metaspace       used 173562K, committed 176576K, reserved 1245184K
  class space    used 24003K, committed 25408K, reserved 1048576K
}
Event: 569.836 GC heap after
{Heap after GC invocations=127 (full 0):
 garbage-first heap   total reserved 8388608K, committed 1081344K, used 434046K [0x0000000600000000, 0x0000000800000000)
  region size 4096K, 3 young (12288K), 3 survivors (12288K)
 Metaspace       used 173562K, committed 176576K, reserved 1245184K
  class space    used 24003K, committed 25408K, reserved 1048576K
}
Event: 570.674 GC heap before
{Heap before GC invocations=127 (full 0):
 garbage-first heap   total reserved 8388608K, committed 1081344K, used 565118K [0x0000000600000000, 0x0000000800000000)
  region size 4096K, 36 young (147456K), 3 survivors (12288K)
 Metaspace       used 173607K, committed 176576K, reserved 1245184K
  class space    used 24013K, committed 25408K, reserved 1048576K
}
Event: 570.771 GC heap after
{Heap after GC invocations=128 (full 0):
 garbage-first heap   total reserved 8388608K, committed 1081344K, used 444917K [0x0000000600000000, 0x0000000800000000)
  region size 4096K, 5 young (20480K), 5 survivors (20480K)
 Metaspace       used 173607K, committed 176576K, reserved 1245184K
  class space    used 24013K, committed 25408K, reserved 1048576K
}
Event: 572.335 GC heap before
{Heap before GC invocations=128 (full 0):
 garbage-first heap   total reserved 8388608K, committed 1081344K, used 563701K [0x0000000600000000, 0x0000000800000000)
  region size 4096K, 34 young (139264K), 5 survivors (20480K)
 Metaspace       used 173679K, committed 176640K, reserved 1245184K
  class space    used 24022K, committed 25408K, reserved 1048576K
}

